<?xml version="1.0" encoding="UTF-8"?>
<testng-results skipped="0" failed="1" ignored="0" total="3" passed="2">
  <reporter-output>
  </reporter-output>
  <suite name="Default suite" duration-ms="3115" started-at="2019-08-26T10:24:54 IST" finished-at="2019-08-26T10:24:57 IST">
    <groups>
    </groups>
    <test name="Default test" duration-ms="3115" started-at="2019-08-26T10:24:54 IST" finished-at="2019-08-26T10:24:57 IST">
      <class name="reqres_restService.GetUserList">
        <test-method status="PASS" signature="setExtent()[pri:0, instance:reqres_restService.GetUserList@5b87ed94]" name="setExtent" is-config="true" duration-ms="176" started-at="2019-08-26T10:24:54 IST" finished-at="2019-08-26T10:24:54 IST">
          <reporter-output>
          </reporter-output>
        </test-method> <!-- setExtent -->
        <test-method status="PASS" signature="getUserlistbasedonPageNumber()[pri:0, instance:reqres_restService.GetUserList@5b87ed94]" name="getUserlistbasedonPageNumber" duration-ms="2369" started-at="2019-08-26T10:24:54 IST" finished-at="2019-08-26T10:24:57 IST">
          <reporter-output>
          </reporter-output>
        </test-method> <!-- getUserlistbasedonPageNumber -->
        <test-method status="PASS" signature="teardown(org.testng.ITestResult)[pri:0, instance:reqres_restService.GetUserList@5b87ed94]" name="teardown" is-config="true" duration-ms="15" started-at="2019-08-26T10:24:57 IST" finished-at="2019-08-26T10:24:57 IST">
          <params>
            <param index="0">
              <value>
                <![CDATA[[TestResult name=getUserlistbasedonPageNumber status=SUCCESS method=GetUserList.getUserlistbasedonPageNumber()[pri:0, instance:reqres_restService.GetUserList@5b87ed94] output={null}]]]>
              </value>
            </param>
          </params>
          <reporter-output>
          </reporter-output>
        </test-method> <!-- teardown -->
        <test-method status="PASS" signature="verifyContentType()[pri:0, instance:reqres_restService.GetUserList@5b87ed94]" name="verifyContentType" duration-ms="5" started-at="2019-08-26T10:24:57 IST" finished-at="2019-08-26T10:24:57 IST">
          <reporter-output>
          </reporter-output>
        </test-method> <!-- verifyContentType -->
        <test-method status="PASS" signature="teardown(org.testng.ITestResult)[pri:0, instance:reqres_restService.GetUserList@5b87ed94]" name="teardown" is-config="true" duration-ms="1" started-at="2019-08-26T10:24:57 IST" finished-at="2019-08-26T10:24:57 IST">
          <params>
            <param index="0">
              <value>
                <![CDATA[[TestResult name=verifyContentType status=SUCCESS method=GetUserList.verifyContentType()[pri:0, instance:reqres_restService.GetUserList@5b87ed94] output={null}]]]>
              </value>
            </param>
          </params>
          <reporter-output>
          </reporter-output>
        </test-method> <!-- teardown -->
        <test-method status="FAIL" signature="verifyStatusCode()[pri:0, instance:reqres_restService.GetUserList@5b87ed94]" name="verifyStatusCode" duration-ms="4" started-at="2019-08-26T10:24:57 IST" finished-at="2019-08-26T10:24:57 IST">
          <exception class="java.lang.AssertionError">
            <message>
              <![CDATA[expected [201] but found [200]]]>
            </message>
            <full-stacktrace>
              <![CDATA[java.lang.AssertionError: expected [201] but found [200]
at org.testng.Assert.fail(Assert.java:97)
at org.testng.Assert.assertEqualsImpl(Assert.java:136)
at org.testng.Assert.assertEquals(Assert.java:118)
at org.testng.Assert.assertEquals(Assert.java:839)
at org.testng.Assert.assertEquals(Assert.java:849)
at reqres_restService.GetUserList.verifyStatusCode(GetUserList.java:77)
at sun.reflect.NativeMethodAccessorImpl.invoke0(Native Method)
at sun.reflect.NativeMethodAccessorImpl.invoke(NativeMethodAccessorImpl.java:62)
at sun.reflect.DelegatingMethodAccessorImpl.invoke(DelegatingMethodAccessorImpl.java:43)
at java.lang.reflect.Method.invoke(Method.java:498)
at org.testng.internal.MethodInvocationHelper.invokeMethod(MethodInvocationHelper.java:133)
at org.testng.internal.TestInvoker.invokeMethod(TestInvoker.java:584)
at org.testng.internal.TestInvoker.invokeTestMethod(TestInvoker.java:172)
at org.testng.internal.MethodRunner.runInSequence(MethodRunner.java:46)
at org.testng.internal.TestInvoker$MethodInvocationAgent.invoke(TestInvoker.java:804)
at org.testng.internal.TestInvoker.invokeTestMethods(TestInvoker.java:145)
at org.testng.internal.TestMethodWorker.invokeTestMethods(TestMethodWorker.java:146)
at org.testng.internal.TestMethodWorker.run(TestMethodWorker.java:128)
at java.util.ArrayList.forEach(ArrayList.java:1257)
at org.testng.TestRunner.privateRun(TestRunner.java:770)
at org.testng.TestRunner.run(TestRunner.java:591)
at org.testng.SuiteRunner.runTest(SuiteRunner.java:402)
at org.testng.SuiteRunner.runSequentially(SuiteRunner.java:396)
at org.testng.SuiteRunner.privateRun(SuiteRunner.java:355)
at org.testng.SuiteRunner.run(SuiteRunner.java:304)
at org.testng.SuiteRunnerWorker.runSuite(SuiteRunnerWorker.java:53)
at org.testng.SuiteRunnerWorker.run(SuiteRunnerWorker.java:96)
at org.testng.TestNG.runSuitesSequentially(TestNG.java:1180)
at org.testng.TestNG.runSuitesLocally(TestNG.java:1102)
at org.testng.TestNG.runSuites(TestNG.java:1032)
at org.testng.TestNG.run(TestNG.java:1000)
at org.testng.remote.AbstractRemoteTestNG.run(AbstractRemoteTestNG.java:115)
at org.testng.remote.RemoteTestNG.initAndRun(RemoteTestNG.java:251)
at org.testng.remote.RemoteTestNG.main(RemoteTestNG.java:77)
]]>
            </full-stacktrace>
          </exception> <!-- java.lang.AssertionError -->
          <reporter-output>
          </reporter-output>
        </test-method> <!-- verifyStatusCode -->
        <test-method status="PASS" signature="teardown(org.testng.ITestResult)[pri:0, instance:reqres_restService.GetUserList@5b87ed94]" name="teardown" is-config="true" duration-ms="2" started-at="2019-08-26T10:24:57 IST" finished-at="2019-08-26T10:24:57 IST">
          <params>
            <param index="0">
              <value>
                <![CDATA[[TestResult name=verifyStatusCode status=FAILURE method=GetUserList.verifyStatusCode()[pri:0, instance:reqres_restService.GetUserList@5b87ed94] output={null}]]]>
              </value>
            </param>
          </params>
          <reporter-output>
          </reporter-output>
        </test-method> <!-- teardown -->
        <test-method status="PASS" signature="endReport()[pri:0, instance:reqres_restService.GetUserList@5b87ed94]" name="endReport" is-config="true" duration-ms="466" started-at="2019-08-26T10:24:57 IST" finished-at="2019-08-26T10:24:57 IST">
          <reporter-output>
          </reporter-output>
        </test-method> <!-- endReport -->
      </class> <!-- reqres_restService.GetUserList -->
    </test> <!-- Default test -->
  </suite> <!-- Default suite -->
</testng-results>
